Build started 15.5.2014 г. 20:41:23 ч..
     1>Project "D:\SU\2_sem\OOP\Homework\TILL-31.05.14\problem1\problem1\problem1.vcxproj" on node 2 (Build target(s)).
     1>InitializeBuildStatus:
         Creating "Debug\problem1.unsuccessfulbuild" because "AlwaysCreate" was specified.
       ClCompile:
         C:\Program Files (x86)\Microsoft Visual Studio 11.0\VC\bin\CL.exe /c /ZI /nologo /W3 /WX- /Od /Oy- /D WIN32 /D _DEBUG /D _CONSOLE /D _UNICODE /D UNICODE /Gm /EHsc /RTC1 /MDd /GS /fp:precise /Zc:wchar_t /Zc:forScope /Fo"Debug\\" /Fd"Debug\vc110.pdb" /Gd /TP /analyze- /errorReport:prompt PngFile.cpp main.cpp
         PngFile.cpp
         Generating Code...
         Compiling...
         main.cpp
         Generating Code...
       Link:
         C:\Program Files (x86)\Microsoft Visual Studio 11.0\VC\bin\link.exe /ERRORREPORT:PROMPT /OUT:"D:\SU\2_sem\OOP\Homework\TILL-31.05.14\problem1\Debug\problem1.exe" /INCREMENTAL /NOLOGO kernel32.lib user32.lib gdi32.lib winspool.lib comdlg32.lib advapi32.lib shell32.lib ole32.lib oleaut32.lib uuid.lib odbc32.lib odbccp32.lib /MANIFEST /MANIFESTUAC:"level='asInvoker' uiAccess='false'" /manifest:embed /DEBUG /PDB:"D:\SU\2_sem\OOP\Homework\TILL-31.05.14\problem1\Debug\problem1.pdb" /SUBSYSTEM:CONSOLE /TLBID:1 /DYNAMICBASE /NXCOMPAT /IMPLIB:"D:\SU\2_sem\OOP\Homework\TILL-31.05.14\problem1\Debug\problem1.lib" /MACHINE:X86 Debug\BmpFile.obj
         Debug\File.obj
         Debug\Folder.obj
         Debug\ImageFile.obj
         Debug\JpgFile.obj
         Debug\main.obj
         Debug\PngFile.obj
         Debug\TextFile.obj
         problem1.vcxproj -> D:\SU\2_sem\OOP\Homework\TILL-31.05.14\problem1\Debug\problem1.exe
       FinalizeBuildStatus:
         Deleting file "Debug\problem1.unsuccessfulbuild".
         Touching "Debug\problem1.lastbuildstate".
     1>Done Building Project "D:\SU\2_sem\OOP\Homework\TILL-31.05.14\problem1\problem1\problem1.vcxproj" (Build target(s)).

Build succeeded.

Time Elapsed 00:00:04.27
